\BOOKMARK [1][-]{section.0}{0 はじめに}{}% 1
\BOOKMARK [1][-]{section.1}{1 多項分布からKullback-Leibler情報量へ}{}% 2
\BOOKMARK [2][-]{subsection.1.1}{1.1 母集団分布が qi の多項分布}{section.1}% 3
\BOOKMARK [2][-]{subsection.1.2}{1.2 サンプルサイズを大きくしたときの多項分布の漸近挙動}{section.1}% 4
\BOOKMARK [2][-]{subsection.1.3}{1.3 Kullback-Leibler情報量と相対エントロピーの定義}{section.1}% 5
\BOOKMARK [2][-]{subsection.1.4}{1.4 Kullback-Leibler情報量の基本性質}{section.1}% 6
\BOOKMARK [2][-]{subsection.1.5}{1.5 二項分布の場合の計算例}{section.1}% 7
\BOOKMARK [2][-]{subsection.1.6}{1.6 max-plus代数への極限やLaplaceの方法との関係}{section.1}% 8
\BOOKMARK [2][-]{subsection.1.7}{1.7 区分求積法による高校レベルの計算でKL情報量を出す方法}{section.1}% 9
\BOOKMARK [2][-]{subsection.1.8}{1.8 Kullback-Leibler情報量と多項分布の中心極限定理の関係}{section.1}% 10
\BOOKMARK [2][-]{subsection.1.9}{1.9 Poisson分布とKullback-Leibler情報量の関係}{section.1}% 11
\BOOKMARK [1][-]{section.2}{2 条件付き大数の法則からBoltzmann因子へ}{}% 12
\BOOKMARK [2][-]{subsection.2.1}{2.1 問題の設定}{section.2}% 13
\BOOKMARK [2][-]{subsection.2.2}{2.2 Boltzmann因子の導出}{section.2}% 14
\BOOKMARK [2][-]{subsection.2.3}{2.3 母分布が連続型の場合から連続型の指数型分布族が得られること}{section.2}% 15
\BOOKMARK [2][-]{subsection.2.4}{2.4 標準正規分布の導出例}{section.2}% 16
\BOOKMARK [1][-]{section.3}{3 多項分布の場合のSanovの定理}{}% 17
\BOOKMARK [2][-]{subsection.3.1}{3.1 Sanovの定理の主張}{section.3}% 18
\BOOKMARK [2][-]{subsection.3.2}{3.2 Sanovの定理の証明の準備}{section.3}% 19
\BOOKMARK [2][-]{subsection.3.3}{3.3 Sanovの定理の証明}{section.3}% 20
\BOOKMARK [1][-]{section.4}{4 Sanovの定理を使ったカノニカル分布の導出}{}% 21
\BOOKMARK [2][-]{subsection.4.1}{4.1 分配函数とエネルギーの期待値}{section.4}% 22
\BOOKMARK [2][-]{subsection.4.2}{4.2 条件付き確率分布のカノニカル分布への収束}{section.4}% 23
\BOOKMARK [2][-]{subsection.4.3}{4.3 まとめと二項分布もカノニカル分布の例になっていること}{section.4}% 24
\BOOKMARK [1][-]{section.5}{5 付録: Kullback-Leibler情報量に関する不等式}{}% 25
\BOOKMARK [2][-]{subsection.5.1}{5.1 準備: Jensenの不等式}{section.5}% 26
\BOOKMARK [2][-]{subsection.5.2}{5.2 対数和不等式とその応用}{section.5}% 27
\BOOKMARK [2][-]{subsection.5.3}{5.3 Kullback-Leibler情報量で L1 距離を上からおさえられこと}{section.5}% 28
\BOOKMARK [2][-]{subsection.5.4}{5.4 Pithagorian theorem}{section.5}% 29
\BOOKMARK [1][-]{section.6}{6 付録: Cramerの定理}{}% 30
\BOOKMARK [2][-]{subsection.6.1}{6.1 Cramerの定理の設定と主張}{section.6}% 31
\BOOKMARK [2][-]{subsection.6.2}{6.2 Cramerの定理の証明}{section.6}% 32
\BOOKMARK [2][-]{subsection.6.3}{6.3 カノニカル分布の相対エントロピーとの関係}{section.6}% 33
\BOOKMARK [2][-]{subsection.6.4}{6.4 ガンマ分布の場合の例}{section.6}% 34
\BOOKMARK [2][-]{subsection.6.5}{6.5 Sanovの定理が拡張されたCramerの定理の特別な場合であること}{section.6}% 35
\BOOKMARK [2][-]{subsection.6.6}{6.6 \(\)=logi=1r e-iqi のLegendre変換は相対エントロピー}{section.6}% 36
\BOOKMARK [1][-]{section.7}{7 付録: 統計力学との関係?}{}% 37
\BOOKMARK [2][-]{subsection.7.1}{7.1 パラメーターに関する分配函数の漸近挙動を仮定した場合}{section.7}% 38
\BOOKMARK [2][-]{subsection.7.2}{7.2 統計力学の教科書におけるカノニカル分布の導出 \(1\)}{section.7}% 39
\BOOKMARK [2][-]{subsection.7.3}{7.3 統計力学の教科書におけるカノニカル分布の導出 \(2\)}{section.7}% 40
\BOOKMARK [1][-]{section.8}{8 付録: 他の種類のエントロピーについて}{}% 41
\BOOKMARK [2][-]{subsection.8.1}{8.1 自由エネルギーやMassieu函数との関係}{section.8}% 42
\BOOKMARK [2][-]{subsection.8.2}{8.2 相対Renyiエントロピー}{section.8}% 43
\BOOKMARK [2][-]{subsection.8.3}{8.3 相対Tsallisエントロピー}{section.8}% 44
\BOOKMARK [2][-]{subsection.8.4}{8.4 加法性\(示量性\)について}{section.8}% 45
\BOOKMARK [2][-]{subsection.8.5}{8.5 相対Tsallisエントロピーを漸近挙動に含む多項分布の拡張\(1\)}{section.8}% 46
\BOOKMARK [2][-]{subsection.8.6}{8.6 相対Tsallisエントロピーを漸近挙動に含む多項分布の拡張\(2\)}{section.8}% 47
\BOOKMARK [2][-]{subsection.8.7}{8.7 Csiszarの f-divergence}{section.8}% 48
\BOOKMARK [1][-]{section.9}{9 付録: 上極限と下極限に関する簡単な解説}{}% 49
\BOOKMARK [2][-]{subsection.9.1}{9.1 上極限と下極限の定義}{section.9}% 50
\BOOKMARK [2][-]{subsection.9.2}{9.2 上極限と下極限の使い方}{section.9}% 51
\BOOKMARK [1][-]{section.10}{10 Mcmillanの不等式と平均符号長}{}% 52
\BOOKMARK [2][-]{subsection.10.1}{10.1 Mcmillanの不等式}{section.10}% 53
\BOOKMARK [2][-]{subsection.10.2}{10.2 平均符号長への応用}{section.10}% 54
